<?xml version="1.0" encoding="UTF-8"?>
<!-- Generated by org.testng.reporters.JUnitReportReporter -->
<testsuite skipped="0" hostname="MacBook-Pro-di-Stasuzzo.local" name="Runner.TestRunner" tests="1" failures="0" timestamp="5 Jun 2020 10:01:26 GMT" time="4.787" errors="0">
  <testcase name="feature" time="4.787" classname="Runner.TestRunner"/>
</testsuite> <!-- Runner.TestRunner -->
